d:\my documents\visual studio 2012\projects\snake\snake\debug\vc110.pdb
d:\my documents\visual studio 2012\projects\snake\snake\debug\additional functions.obj
d:\my documents\visual studio 2012\projects\snake\debug\snake.ilk
d:\my documents\visual studio 2012\projects\snake\debug\snake.exe
d:\my documents\visual studio 2012\projects\snake\debug\snake.pdb
d:\my documents\visual studio 2013\projects\snake\snake\debug\vc120.pdb
d:\my documents\visual studio 2013\projects\snake\snake\debug\vc120.idb
d:\my documents\visual studio 2013\projects\snake\snake\debug\additional functions.obj
d:\my documents\visual studio 2013\projects\snake\debug\snake.ilk
d:\my documents\visual studio 2013\projects\snake\debug\snake.exe
d:\my documents\visual studio 2013\projects\snake\debug\snake.pdb
d:\my documents\visual studio 2013\projects\snake\snake\debug\cl.command.1.tlog
d:\my documents\visual studio 2013\projects\snake\snake\debug\cl.read.1.tlog
d:\my documents\visual studio 2013\projects\snake\snake\debug\cl.write.1.tlog
d:\my documents\visual studio 2013\projects\snake\snake\debug\link-cvtres.read.1.tlog
d:\my documents\visual studio 2013\projects\snake\snake\debug\link-cvtres.write.1.tlog
d:\my documents\visual studio 2013\projects\snake\snake\debug\link-rc.read.1.tlog
d:\my documents\visual studio 2013\projects\snake\snake\debug\link-rc.write.1.tlog
d:\my documents\visual studio 2013\projects\snake\snake\debug\link.command.1.tlog
d:\my documents\visual studio 2013\projects\snake\snake\debug\link.read.1.tlog
d:\my documents\visual studio 2013\projects\snake\snake\debug\link.write.1.tlog
d:\my documents\visual studio 2013\projects\snake\snake\debug\vc110.idb
d:\my documents\visual studio 2013\projects\snake\snake\debug\vc110.pdb
d:\my documents\visual studio 2013\projects\snake\snake\debug\snake.tlog\cl.command.1.tlog
d:\my documents\visual studio 2013\projects\snake\snake\debug\snake.tlog\cl.read.1.tlog
d:\my documents\visual studio 2013\projects\snake\snake\debug\snake.tlog\cl.write.1.tlog
d:\my documents\visual studio 2013\projects\snake\snake\debug\snake.tlog\link.command.1.tlog
d:\my documents\visual studio 2013\projects\snake\snake\debug\snake.tlog\link.read.1.tlog
d:\my documents\visual studio 2013\projects\snake\snake\debug\snake.tlog\link.write.1.tlog
